<?xml version="1.0" encoding="UTF-8"?>
<!-- Generated by org.testng.reporters.JUnitXMLReporter -->
<testsuite hostname="DESKTOP-D7PUHMF" ignored="1" name="Default test" tests="1" failures="0" timestamp="04 Oct 2018 03:10:08 GMT" time="3.837" errors="0">
  <testcase name="getWeatherDetailsWithMultiParam" time="3.789" classname="com.qa.restAssured.RestAssuredBDD_GetWaeatherDetails"/>
  <testcase name="getWeatherDetailsWithSingleParam" time="0.0" classname="com.qa.restAssured.RestAssuredBDD_GetWaeatherDetails">
    <ignored/>
  </testcase> <!-- getWeatherDetailsWithSingleParam -->
</testsuite> <!-- Default test -->
