<?xml version="1.0" encoding="UTF-8"?>
<testng-results skipped="0" failed="0" ignored="1" total="2" passed="1">
  <reporter-output>
  </reporter-output>
  <suite name="Default suite" duration-ms="3837" started-at="2018-10-04T03:10:04Z" finished-at="2018-10-04T03:10:08Z">
    <groups>
    </groups>
    <test name="Default test" duration-ms="3837" started-at="2018-10-04T03:10:04Z" finished-at="2018-10-04T03:10:08Z">
      <class name="com.qa.restAssured.RestAssuredBDD_GetWaeatherDetails">
        <test-method status="PASS" signature="getWeatherDetailsWithMultiParam()[pri:0, instance:com.qa.restAssured.RestAssuredBDD_GetWaeatherDetails@26653222]" name="getWeatherDetailsWithMultiParam" duration-ms="3789" started-at="2018-10-04T03:10:04Z" finished-at="2018-10-04T03:10:08Z">
          <reporter-output>
          </reporter-output>
        </test-method> <!-- getWeatherDetailsWithMultiParam -->
      </class> <!-- com.qa.restAssured.RestAssuredBDD_GetWaeatherDetails -->
    </test> <!-- Default test -->
  </suite> <!-- Default suite -->
</testng-results>
